<?xml version="1.0" encoding="UTF-8"?>
<testng-results total="1" passed="1" failed="0" skipped="0">
  <reporter-output>
  </reporter-output>
  <suite started-at="2021-05-02T17:46:37Z" name="Suite1" finished-at="2021-05-02T17:47:11Z" duration-ms="34488">
    <groups>
      <group name="cucumber">
        <method signature="MainRunner.feature(cucumber.api.testng.CucumberFeatureWrapper)[pri:0, instance:runners.MainRunner@79079097]" name="feature" class="runners.MainRunner"/>
      </group> <!-- cucumber -->
    </groups>
    <test started-at="2021-05-02T17:46:37Z" name="Regression1" finished-at="2021-05-02T17:47:11Z" duration-ms="34488">
      <class name="runners.MainRunner">
        <test-method is-config="true" signature="setUpClass()[pri:0, instance:runners.MainRunner@79079097]" started-at="2021-05-02T18:46:37Z" name="setUpClass" finished-at="2021-05-02T18:46:37Z" duration-ms="150" status="PASS">
          <reporter-output>
          </reporter-output>
        </test-method> <!-- setUpClass -->
        <test-method signature="feature(cucumber.api.testng.CucumberFeatureWrapper)[pri:0, instance:runners.MainRunner@79079097]" started-at="2021-05-02T18:46:37Z" name="feature" description="Runs cucmber Features" data-provider="features" finished-at="2021-05-02T18:47:11Z" duration-ms="33989" status="PASS">
          <params>
            <param index="0">
              <value>
                <![CDATA[As an Authentic user I should be able to login and perform a search]]>
              </value>
            </param>
          </params>
          <reporter-output>
          </reporter-output>
        </test-method> <!-- feature -->
        <test-method is-config="true" signature="testDownClass()[pri:0, instance:runners.MainRunner@79079097]" started-at="2021-05-02T18:47:11Z" name="testDownClass" finished-at="2021-05-02T18:47:11Z" duration-ms="292" status="PASS">
          <reporter-output>
          </reporter-output>
        </test-method> <!-- testDownClass -->
      </class> <!-- runners.MainRunner -->
    </test> <!-- Regression1 -->
  </suite> <!-- Suite1 -->
</testng-results>
