<?xml version="1.0" encoding="UTF-8"?>
<testsuite xmlns:xsi="http://www.w3.org/2001/XMLSchema-instance" xsi:noNamespaceSchemaLocation="https://maven.apache.org/surefire/maven-surefire-plugin/xsd/surefire-test-report-3.0.xsd" version="3.0" name="TestSuite" time="45.333" tests="1" errors="0" skipped="0" failures="0">
  <properties>
[...]
</properties>
  <testcase name="feature[As an Authentic user I should be able to login and perform a search](1)" classname="runners.TestRunner" time="39.497">
    <system-out><![CDATA[[TestNGContentHandler] [WARN] It is strongly recommended to add "<!DOCTYPE suite SYSTEM "http://testng.org/testng-1.0.dtd" >" at the top of your file, otherwise TestNG may fail or not work as expected.
Feature: As an Authentic user I should be able to login and perform a search

  Scenario Outline: Authentic user should successfully login # Login.feature:7
    When I enter "<valid email>" and "<valid password>"
    Then I should successfully login and make a search

    Examples: 

  Background:                # Login.feature:3
    Given I am on login page # LoginSteps.i_am_on_login_page()

  Scenario Outline: Authentic user should successfully login # Login.feature:12
    When I enter "taseer6@hotmail.com" and "12345"           # LoginSteps.i_enter_and(String,String)
    Then I should successfully login and make a search       # LoginSteps.i_should_successfully_login_and_make_a_search()

  Scenario Outline: Invalid user should get warning notification # Login.feature:14
    When I enter "<invalid email>" and "<invalid password>"
    Then I should get login warning notification

    Examples: 

  Background:                # Login.feature:3
    Given I am on login page # LoginSteps.i_am_on_login_page()

  Scenario Outline: Invalid user should get warning notification # Login.feature:19
    When I enter "wrongemail@hotmail.com" and "12345"            # LoginSteps.i_enter_and(String,String)
    Then I should get login warning notification                 # LoginSteps.i_should_get_login_warning_notification()

  Background:                # Login.feature:3
    Given I am on login page # LoginSteps.i_am_on_login_page()

  Scenario Outline: Invalid user should get warning notification # Login.feature:20
    When I enter "taseer66@hotmail.com" and "wrongpassword"      # LoginSteps.i_enter_and(String,String)
    Then I should get login warning notification                 # LoginSteps.i_should_get_login_warning_notification()
]]></system-out>
    <system-err><![CDATA[Starting ChromeDriver 90.0.4430.24 (4c6d850f087da467d926e8eddb76550aed655991-refs/branch-heads/4430@{#429}) on port 10195
Only local connections are allowed.
Please see https://chromedriver.chromium.org/security-considerations for suggestions on keeping ChromeDriver safe.
ChromeDriver was started successfully.
May 02, 2021 1:17:11 PM org.openqa.selenium.remote.ProtocolHandshake createSession
INFO: Detected dialect: W3C
Starting ChromeDriver 90.0.4430.24 (4c6d850f087da467d926e8eddb76550aed655991-refs/branch-heads/4430@{#429}) on port 5639
Only local connections are allowed.
Please see https://chromedriver.chromium.org/security-considerations for suggestions on keeping ChromeDriver safe.
ChromeDriver was started successfully.
May 02, 2021 1:17:23 PM org.openqa.selenium.remote.ProtocolHandshake createSession
INFO: Detected dialect: W3C
Starting ChromeDriver 90.0.4430.24 (4c6d850f087da467d926e8eddb76550aed655991-refs/branch-heads/4430@{#429}) on port 25087
Only local connections are allowed.
Please see https://chromedriver.chromium.org/security-considerations for suggestions on keeping ChromeDriver safe.
ChromeDriver was started successfully.
May 02, 2021 1:17:33 PM org.openqa.selenium.remote.ProtocolHandshake createSession
INFO: Detected dialect: W3C
]]></system-err>
  </testcase>
</testsuite>