<?xml version="1.0" encoding="UTF-8"?>
<testsuite xmlns:xsi="http://www.w3.org/2001/XMLSchema-instance" xsi:noNamespaceSchemaLocation="https://maven.apache.org/surefire/maven-surefire-plugin/xsd/surefire-test-report-3.0.xsd" version="3.0" name="TestSuite" time="54.828" tests="1" errors="0" skipped="0" failures="1">
  <properties>
[...]
</properties>
  <testcase name="feature[As an Authentic user I should be able to login and perform a search](1)" classname="runners.TestRunner" time="48.818">
    <failure message="org.openqa.selenium.NoSuchWindowException: no such window: window was already closed&#10;  (Session info: chrome=90.0.4430.93)&#10;Build info: version: &apos;3.11.0&apos;, revision: &apos;e59cfb3&apos;, time: &apos;2018-03-11T20:26:55.152Z&apos;&#10;System info: host: &apos;Taseers-MacBook-Pro.local&apos;, ip: &apos;fdc9:94a0:41f2:1:54a8:f2ce:21c2:3ab5%en0&apos;, os.name: &apos;Mac OS X&apos;, os.arch: &apos;x86_64&apos;, os.version: &apos;10.16&apos;, java.version: &apos;11.0.7&apos;&#10;Driver info: org.openqa.selenium.chrome.ChromeDriver&#10;Capabilities {acceptInsecureCerts: false, browserName: chrome, browserVersion: 90.0.4430.93, chrome: {chromedriverVersion: 90.0.4430.24 (4c6d850f087da..., userDataDir: /var/folders/fj/9_1dg_cj2hl...}, goog:chromeOptions: {debuggerAddress: localhost:55045}, javascriptEnabled: true, networkConnectionEnabled: false, pageLoadStrategy: normal, platform: MAC, platformName: MAC, proxy: Proxy(), setWindowRect: true, strictFileInteractability: false, timeouts: {implicit: 0, pageLoad: 300000, script: 30000}, unhandledPromptBehavior: dismiss and notify, webauthn:extension:largeBlob: true, webauthn:virtualAuthenticators: true}&#10;Session ID: 7b9fa2ca56175a3b17cab97af24053f7&#10;*** Element info: {Using=xpath, value=//*[@id=&apos;center_column&apos;]/div/ol/li}" type="cucumber.runtime.CucumberException"><![CDATA[cucumber.runtime.CucumberException: 
org.openqa.selenium.NoSuchWindowException: no such window: window was already closed
  (Session info: chrome=90.0.4430.93)
Build info: version: '3.11.0', revision: 'e59cfb3', time: '2018-03-11T20:26:55.152Z'
System info: host: 'Taseers-MacBook-Pro.local', ip: 'fdc9:94a0:41f2:1:54a8:f2ce:21c2:3ab5%en0', os.name: 'Mac OS X', os.arch: 'x86_64', os.version: '10.16', java.version: '11.0.7'
Driver info: org.openqa.selenium.chrome.ChromeDriver
Capabilities {acceptInsecureCerts: false, browserName: chrome, browserVersion: 90.0.4430.93, chrome: {chromedriverVersion: 90.0.4430.24 (4c6d850f087da..., userDataDir: /var/folders/fj/9_1dg_cj2hl...}, goog:chromeOptions: {debuggerAddress: localhost:55045}, javascriptEnabled: true, networkConnectionEnabled: false, pageLoadStrategy: normal, platform: MAC, platformName: MAC, proxy: Proxy(), setWindowRect: true, strictFileInteractability: false, timeouts: {implicit: 0, pageLoad: 300000, script: 30000}, unhandledPromptBehavior: dismiss and notify, webauthn:extension:largeBlob: true, webauthn:virtualAuthenticators: true}
Session ID: 7b9fa2ca56175a3b17cab97af24053f7
*** Element info: {Using=xpath, value=//*[@id='center_column']/div/ol/li}
	at runners.TestRunner.feature(TestRunner.java:39)
Caused by: org.openqa.selenium.NoSuchWindowException: 
no such window: window was already closed
  (Session info: chrome=90.0.4430.93)
Build info: version: '3.11.0', revision: 'e59cfb3', time: '2018-03-11T20:26:55.152Z'
System info: host: 'Taseers-MacBook-Pro.local', ip: 'fdc9:94a0:41f2:1:54a8:f2ce:21c2:3ab5%en0', os.name: 'Mac OS X', os.arch: 'x86_64', os.version: '10.16', java.version: '11.0.7'
Driver info: org.openqa.selenium.chrome.ChromeDriver
Capabilities {acceptInsecureCerts: false, browserName: chrome, browserVersion: 90.0.4430.93, chrome: {chromedriverVersion: 90.0.4430.24 (4c6d850f087da..., userDataDir: /var/folders/fj/9_1dg_cj2hl...}, goog:chromeOptions: {debuggerAddress: localhost:55045}, javascriptEnabled: true, networkConnectionEnabled: false, pageLoadStrategy: normal, platform: MAC, platformName: MAC, proxy: Proxy(), setWindowRect: true, strictFileInteractability: false, timeouts: {implicit: 0, pageLoad: 300000, script: 30000}, unhandledPromptBehavior: dismiss and notify, webauthn:extension:largeBlob: true, webauthn:virtualAuthenticators: true}
Session ID: 7b9fa2ca56175a3b17cab97af24053f7
*** Element info: {Using=xpath, value=//*[@id='center_column']/div/ol/li}
]]></failure>
    <system-out><![CDATA[[TestNGContentHandler] [WARN] It is strongly recommended to add "<!DOCTYPE suite SYSTEM "http://testng.org/testng-1.0.dtd" >" at the top of your file, otherwise TestNG may fail or not work as expected.
Feature: As an Authentic user I should be able to login and perform a search

  Scenario Outline: Authentic user should successfully login # Login.feature:7
    When I enter "<valid email>" and "<valid password>"
    Then I should successfully login and make a search

    Examples: 

  Background:                # Login.feature:3
    Given I am on login page # LoginSteps.i_am_on_login_page()

  Scenario Outline: Authentic user should successfully login # Login.feature:12
    When I enter "taseer6@hotmail.com" and "12345"           # LoginSteps.i_enter_and(String,String)
    Then I should successfully login and make a search       # LoginSteps.i_should_successfully_login_and_make_a_search()

  Scenario Outline: Invalid user should get warning notification # Login.feature:14
    When I enter "<invalid email>" and "<invalid password>"
    Then I should get login warning notification

    Examples: 

  Background:                # Login.feature:3
    Given I am on login page # LoginSteps.i_am_on_login_page()
Methods failed: tearDownAndScreenshotOnFailure, Exception: no such window: window was already closed
  (Session info: chrome=90.0.4430.93)
Build info: version: '3.11.0', revision: 'e59cfb3', time: '2018-03-11T20:26:55.152Z'
System info: host: 'Taseers-MacBook-Pro.local', ip: 'fdc9:94a0:41f2:1:54a8:f2ce:21c2:3ab5%en0', os.name: 'Mac OS X', os.arch: 'x86_64', os.version: '10.16', java.version: '11.0.7'
Driver info: org.openqa.selenium.chrome.ChromeDriver
Capabilities {acceptInsecureCerts: false, browserName: chrome, browserVersion: 90.0.4430.93, chrome: {chromedriverVersion: 90.0.4430.24 (4c6d850f087da..., userDataDir: /var/folders/fj/9_1dg_cj2hl...}, goog:chromeOptions: {debuggerAddress: localhost:55045}, javascriptEnabled: true, networkConnectionEnabled: false, pageLoadStrategy: normal, platform: MAC, platformName: MAC, proxy: Proxy(), setWindowRect: true, strictFileInteractability: false, timeouts: {implicit: 0, pageLoad: 300000, script: 30000}, unhandledPromptBehavior: dismiss and notify, webauthn:extension:largeBlob: true, webauthn:virtualAuthenticators: true}
Session ID: 7b9fa2ca56175a3b17cab97af24053f7

  Scenario Outline: Invalid user should get warning notification # Login.feature:19
    When I enter "wrongemail@hotmail.com" and "12345"            # LoginSteps.i_enter_and(String,String)
    Then I should get login warning notification                 # LoginSteps.i_should_get_login_warning_notification()
      org.openqa.selenium.NoSuchWindowException: no such window: window was already closed
        (Session info: chrome=90.0.4430.93)
      Build info: version: '3.11.0', revision: 'e59cfb3', time: '2018-03-11T20:26:55.152Z'
      System info: host: 'Taseers-MacBook-Pro.local', ip: 'fdc9:94a0:41f2:1:54a8:f2ce:21c2:3ab5%en0', os.name: 'Mac OS X', os.arch: 'x86_64', os.version: '10.16', java.version: '11.0.7'
      Driver info: org.openqa.selenium.chrome.ChromeDriver
      Capabilities {acceptInsecureCerts: false, browserName: chrome, browserVersion: 90.0.4430.93, chrome: {chromedriverVersion: 90.0.4430.24 (4c6d850f087da..., userDataDir: /var/folders/fj/9_1dg_cj2hl...}, goog:chromeOptions: {debuggerAddress: localhost:55045}, javascriptEnabled: true, networkConnectionEnabled: false, pageLoadStrategy: normal, platform: MAC, platformName: MAC, proxy: Proxy(), setWindowRect: true, strictFileInteractability: false, timeouts: {implicit: 0, pageLoad: 300000, script: 30000}, unhandledPromptBehavior: dismiss and notify, webauthn:extension:largeBlob: true, webauthn:virtualAuthenticators: true}
      Session ID: 7b9fa2ca56175a3b17cab97af24053f7
      *** Element info: {Using=xpath, value=//*[@id='center_column']/div/ol/li}
      	at java.base/jdk.internal.reflect.NativeConstructorAccessorImpl.newInstance0(Native Method)
      	at java.base/jdk.internal.reflect.NativeConstructorAccessorImpl.newInstance(NativeConstructorAccessorImpl.java:62)
      	at java.base/jdk.internal.reflect.DelegatingConstructorAccessorImpl.newInstance(DelegatingConstructorAccessorImpl.java:45)
      	at java.base/java.lang.reflect.Constructor.newInstance(Constructor.java:490)
      	at org.openqa.selenium.remote.http.W3CHttpResponseCodec.createException(W3CHttpResponseCodec.java:187)
      	at org.openqa.selenium.remote.http.W3CHttpResponseCodec.decode(W3CHttpResponseCodec.java:122)
      	at org.openqa.selenium.remote.http.W3CHttpResponseCodec.decode(W3CHttpResponseCodec.java:49)
      	at org.openqa.selenium.remote.HttpCommandExecutor.execute(HttpCommandExecutor.java:158)
      	at org.openqa.selenium.remote.service.DriverCommandExecutor.execute(DriverCommandExecutor.java:83)
      	at org.openqa.selenium.remote.RemoteWebDriver.execute(RemoteWebDriver.java:545)
      	at org.openqa.selenium.remote.RemoteWebDriver.findElement(RemoteWebDriver.java:319)
      	at org.openqa.selenium.remote.RemoteWebDriver.findElementByXPath(RemoteWebDriver.java:421)
      	at org.openqa.selenium.By$ByXPath.findElement(By.java:361)
      	at org.openqa.selenium.remote.RemoteWebDriver.findElement(RemoteWebDriver.java:311)
      	at org.openqa.selenium.support.pagefactory.DefaultElementLocator.findElement(DefaultElementLocator.java:69)
      	at org.openqa.selenium.support.pagefactory.internal.LocatingElementHandler.invoke(LocatingElementHandler.java:38)
      	at com.sun.proxy.$Proxy22.toString(Unknown Source)
      	at java.base/java.lang.String.valueOf(String.java:2951)
      	at java.base/java.lang.StringBuilder.append(StringBuilder.java:168)
      	at org.openqa.selenium.support.ui.ExpectedConditions$10.toString(ExpectedConditions.java:306)
      	at java.base/java.lang.String.valueOf(String.java:2951)
      	at java.base/java.lang.StringBuilder.append(StringBuilder.java:168)
      	at org.openqa.selenium.support.ui.FluentWait.until(FluentWait.java:267)
      	at pageObjects.LoginPage.verifyAuthenticationFailed(LoginPage.java:36)
      	at stepDefinitions.LoginSteps.i_should_get_login_warning_notification(LoginSteps.java:29)
      	at ?.Then I should get login warning notification(Login.feature:16)


  Background:                # Login.feature:3
    Given I am on login page # LoginSteps.i_am_on_login_page()

  Scenario Outline: Invalid user should get warning notification # Login.feature:20
    When I enter "taseer66@hotmail.com" and "wrongpassword"      # LoginSteps.i_enter_and(String,String)
    Then I should get login warning notification                 # LoginSteps.i_should_get_login_warning_notification()
]]></system-out>
    <system-err><![CDATA[Starting ChromeDriver 90.0.4430.24 (4c6d850f087da467d926e8eddb76550aed655991-refs/branch-heads/4430@{#429}) on port 24493
Only local connections are allowed.
Please see https://chromedriver.chromium.org/security-considerations for suggestions on keeping ChromeDriver safe.
ChromeDriver was started successfully.
May 02, 2021 6:28:17 PM org.openqa.selenium.remote.ProtocolHandshake createSession
INFO: Detected dialect: W3C
Starting ChromeDriver 90.0.4430.24 (4c6d850f087da467d926e8eddb76550aed655991-refs/branch-heads/4430@{#429}) on port 43328
Only local connections are allowed.
Please see https://chromedriver.chromium.org/security-considerations for suggestions on keeping ChromeDriver safe.
ChromeDriver was started successfully.
May 02, 2021 6:28:28 PM org.openqa.selenium.remote.ProtocolHandshake createSession
INFO: Detected dialect: W3C
Starting ChromeDriver 90.0.4430.24 (4c6d850f087da467d926e8eddb76550aed655991-refs/branch-heads/4430@{#429}) on port 23959
Only local connections are allowed.
Please see https://chromedriver.chromium.org/security-considerations for suggestions on keeping ChromeDriver safe.
ChromeDriver was started successfully.
May 02, 2021 6:28:53 PM org.openqa.selenium.remote.ProtocolHandshake createSession
INFO: Detected dialect: W3C
]]></system-err>
  </testcase>
</testsuite>