<?xml version="1.0" encoding="UTF-8"?>
<testng-results total="1" passed="1" failed="0" skipped="0">
  <reporter-output>
  </reporter-output>
  <suite started-at="2021-05-02T12:17:04Z" name="Suite1" finished-at="2021-05-02T12:17:44Z" duration-ms="40022">
    <groups>
      <group name="cucumber">
        <method signature="TestRunner.feature(cucumber.api.testng.CucumberFeatureWrapper)[pri:0, instance:runners.TestRunner@79079097]" name="feature" class="runners.TestRunner"/>
      </group> <!-- cucumber -->
    </groups>
    <test started-at="2021-05-02T12:17:04Z" name="Regression1" finished-at="2021-05-02T12:17:44Z" duration-ms="40022">
      <class name="runners.TestRunner">
        <test-method is-config="true" signature="setUpClass()[pri:0, instance:runners.TestRunner@79079097]" started-at="2021-05-02T13:17:04Z" name="setUpClass" finished-at="2021-05-02T13:17:04Z" duration-ms="177" status="PASS">
          <reporter-output>
          </reporter-output>
        </test-method> <!-- setUpClass -->
        <test-method signature="feature(cucumber.api.testng.CucumberFeatureWrapper)[pri:0, instance:runners.TestRunner@79079097]" started-at="2021-05-02T13:17:04Z" name="feature" description="Runs cucmber Features" data-provider="features" finished-at="2021-05-02T13:17:43Z" duration-ms="39453" status="PASS">
          <params>
            <param index="0">
              <value>
                <![CDATA[As an Authentic user I should be able to login and perform a search]]>
              </value>
            </param>
          </params>
          <reporter-output>
          </reporter-output>
        </test-method> <!-- feature -->
        <test-method is-config="true" signature="testDownClass()[pri:0, instance:runners.TestRunner@79079097]" started-at="2021-05-02T13:17:43Z" name="testDownClass" finished-at="2021-05-02T13:17:44Z" duration-ms="326" status="PASS">
          <reporter-output>
          </reporter-output>
        </test-method> <!-- testDownClass -->
      </class> <!-- runners.TestRunner -->
    </test> <!-- Regression1 -->
  </suite> <!-- Suite1 -->
</testng-results>
